{".tmp/tests.js":{"path":".tmp/tests.js","s":{"1":1,"2":1,"3":1,"4":1,"5":1,"6":1,"7":1,"8":1,"9":1},"b":{},"f":{"1":1,"2":1,"3":1,"4":1,"5":1,"6":1},"fnMap":{"1":{"name":"(anonymous_1)","line":1,"loc":{"start":{"line":1,"column":38},"end":{"line":1,"column":48}}},"2":{"name":"(anonymous_2)","line":1,"loc":{"start":{"line":1,"column":68},"end":{"line":1,"column":81}}},"3":{"name":"(anonymous_3)","line":1,"loc":{"start":{"line":1,"column":118},"end":{"line":1,"column":118}}},"4":{"name":"(anonymous_4)","line":1,"loc":{"start":{"line":1,"column":182},"end":{"line":1,"column":192}}},"5":{"name":"(anonymous_5)","line":1,"loc":{"start":{"line":1,"column":273},"end":{"line":1,"column":283}}},"6":{"name":"(anonymous_6)","line":1,"loc":{"start":{"line":1,"column":312},"end":{"line":1,"column":322}}}},"statementMap":{"1":{"start":{"line":1,"column":0},"end":{"line":1,"column":398}},"2":{"start":{"line":1,"column":62},"end":{"line":1,"column":98}},"3":{"start":{"line":1,"column":82},"end":{"line":1,"column":92}},"4":{"start":{"line":1,"column":98},"end":{"line":1,"column":129}},"5":{"start":{"line":1,"column":119},"end":{"line":1,"column":127}},"6":{"start":{"line":1,"column":206},"end":{"line":1,"column":251}},"7":{"start":{"line":1,"column":251},"end":{"line":1,"column":352}},"8":{"start":{"line":1,"column":284},"end":{"line":1,"column":347}},"9":{"start":{"line":1,"column":323},"end":{"line":1,"column":345}}},"branchMap":{}}}